2024-05-06 18:09:59.873 [main] [com.example.socketdemo.test.Java2PythonTest] [59] INFO  - 收到数据：[-1, 123456, "capture_image", 1, 0, 0, 0, 0, 0, 0]
2024-05-06 18:10:57.673 [main] [com.example.socketdemo.test.Java2PythonTest] [61] INFO  - 收到数据：[-1, 123456, "capture_image", 1, 0, 0, 0, 0, 0, 0]
2024-05-06 18:10:59.695 [main] [com.example.socketdemo.test.Java2PythonTest] [61] INFO  - 收到数据：[-1, 123456, "capture_image", 1, 0, 0, 0, 0, 0, 0]
2024-05-06 18:11:01.705 [main] [com.example.socketdemo.test.Java2PythonTest] [61] INFO  - 收到数据：[-1, 123456, "capture_image", 1, 0, 0, 0, 0, 0, 0]
2024-05-06 18:11:03.719 [main] [com.example.socketdemo.test.Java2PythonTest] [61] INFO  - 收到数据：[-1, 123456, "capture_image", 1, 0, 0, 0, 0, 0, 0]
2024-05-06 18:11:05.732 [main] [com.example.socketdemo.test.Java2PythonTest] [61] INFO  - 收到数据：[-1, 123456, "capture_image", 1, 0, 0, 0, 0, 0, 0]
2024-05-06 18:11:07.739 [main] [com.example.socketdemo.test.Java2PythonTest] [61] INFO  - 收到数据：[-1, 123456, "capture_image", 1, 0, 0, 0, 0, 0, 0]
2024-05-06 18:11:09.752 [main] [com.example.socketdemo.test.Java2PythonTest] [61] INFO  - 收到数据：[-1, 123456, "capture_image", 1, 0, 0, 0, 0, 0, 0]
2024-05-06 18:11:11.763 [main] [com.example.socketdemo.test.Java2PythonTest] [61] INFO  - 收到数据：[-1, 123456, "capture_image", 1, 0, 0, 0, 0, 0, 0]
2024-05-06 18:11:13.780 [main] [com.example.socketdemo.test.Java2PythonTest] [61] INFO  - 收到数据：[-1, 123456, "capture_image", 1, 0, 0, 0, 0, 0, 0]
2024-05-06 18:11:15.791 [main] [com.example.socketdemo.test.Java2PythonTest] [61] INFO  - 收到数据：[-1, 123456, "capture_image", 1, 0, 0, 0, 0, 0, 0]
2024-05-06 18:12:27.819 [main] [com.example.socketdemo.test.Java2PythonTest] [61] INFO  - 收到数据：[-1, 123456, "capture_image", 1, 0, 0, 0, 0, 0, 0]
2024-05-06 18:12:29.836 [main] [com.example.socketdemo.test.Java2PythonTest] [61] INFO  - 收到数据：[-1, 123456, "capture_image", 1, 0, 0, 0, 0, 0, 0]
2024-05-06 18:12:31.858 [main] [com.example.socketdemo.test.Java2PythonTest] [61] INFO  - 收到数据：[-1, 123456, "capture_image", 1, 0, 0, 0, 0, 0, 0]
2024-05-06 18:12:33.870 [main] [com.example.socketdemo.test.Java2PythonTest] [61] INFO  - 收到数据：[-1, 123456, "capture_image", 1, 0, 0, 0, 0, 0, 0]
2024-05-06 18:12:35.882 [main] [com.example.socketdemo.test.Java2PythonTest] [61] INFO  - 收到数据：[-1, 123456, "capture_image", 1, 0, 0, 0, 0, 0, 0]
2024-05-06 18:12:37.901 [main] [com.example.socketdemo.test.Java2PythonTest] [61] INFO  - 收到数据：[-1, 123456, "capture_image", 1, 0, 0, 0, 0, 0, 0]
2024-05-06 18:12:39.917 [main] [com.example.socketdemo.test.Java2PythonTest] [61] INFO  - 收到数据：[-1, 123456, "capture_image", 1, 0, 0, 0, 0, 0, 0]
2024-05-06 18:12:41.933 [main] [com.example.socketdemo.test.Java2PythonTest] [61] INFO  - 收到数据：[-1, 123456, "capture_image", 1, 0, 0, 0, 0, 0, 0]
2024-05-06 18:12:43.952 [main] [com.example.socketdemo.test.Java2PythonTest] [61] INFO  - 收到数据：[-1, 123456, "capture_image", 1, 0, 0, 0, 0, 0, 0]
2024-05-06 18:12:45.968 [main] [com.example.socketdemo.test.Java2PythonTest] [61] INFO  - 收到数据：[-1, 123456, "capture_image", 1, 0, 0, 0, 0, 0, 0]
2024-05-06 18:13:58.015 [main] [com.example.socketdemo.test.Java2PythonTest] [61] INFO  - 收到数据：[-1, 123456, "capture_image", 1, 0, 0, 0, 0, 0, 0]
2024-05-06 18:14:00.035 [main] [com.example.socketdemo.test.Java2PythonTest] [61] INFO  - 收到数据：[-1, 123456, "capture_image", 1, 0, 0, 0, 0, 0, 0]
2024-05-06 18:14:02.052 [main] [com.example.socketdemo.test.Java2PythonTest] [61] INFO  - 收到数据：[-1, 123456, "capture_image", 1, 0, 0, 0, 0, 0, 0]
2024-05-06 18:14:04.074 [main] [com.example.socketdemo.test.Java2PythonTest] [61] INFO  - 收到数据：[-1, 123456, "capture_image", 1, 0, 0, 0, 0, 0, 0]
2024-05-06 18:14:06.092 [main] [com.example.socketdemo.test.Java2PythonTest] [61] INFO  - 收到数据：[-1, 123456, "capture_image", 1, 0, 0, 0, 0, 0, 0]
2024-05-06 18:14:08.107 [main] [com.example.socketdemo.test.Java2PythonTest] [61] INFO  - 收到数据：[-1, 123456, "capture_image", 1, 0, 0, 0, 0, 0, 0]
2024-05-06 18:14:10.129 [main] [com.example.socketdemo.test.Java2PythonTest] [61] INFO  - 收到数据：[-1, 123456, "capture_image", 1, 0, 0, 0, 0, 0, 0]
2024-05-06 18:14:12.154 [main] [com.example.socketdemo.test.Java2PythonTest] [61] INFO  - 收到数据：[-1, 123456, "capture_image", 1, 0, 0, 0, 0, 0, 0]
2024-05-06 18:14:14.163 [main] [com.example.socketdemo.test.Java2PythonTest] [61] INFO  - 收到数据：[-1, 123456, "capture_image", 1, 0, 0, 0, 0, 0, 0]
2024-05-06 18:14:16.178 [main] [com.example.socketdemo.test.Java2PythonTest] [61] INFO  - 收到数据：[-1, 123456, "capture_image", 1, 0, 0, 0, 0, 0, 0]
2024-05-06 18:15:28.208 [main] [com.example.socketdemo.test.Java2PythonTest] [61] INFO  - 收到数据：[-1, 123456, "capture_image", 1, 0, 0, 0, 0, 0, 0]
2024-05-06 18:15:30.227 [main] [com.example.socketdemo.test.Java2PythonTest] [61] INFO  - 收到数据：[-1, 123456, "capture_image", 1, 0, 0, 0, 0, 0, 0]
2024-05-06 18:15:32.252 [main] [com.example.socketdemo.test.Java2PythonTest] [61] INFO  - 收到数据：[-1, 123456, "capture_image", 1, 0, 0, 0, 0, 0, 0]
2024-05-06 18:15:34.274 [main] [com.example.socketdemo.test.Java2PythonTest] [61] INFO  - 收到数据：[-1, 123456, "capture_image", 1, 0, 0, 0, 0, 0, 0]
2024-05-06 18:15:36.295 [main] [com.example.socketdemo.test.Java2PythonTest] [61] INFO  - 收到数据：[-1, 123456, "capture_image", 1, 0, 0, 0, 0, 0, 0]
2024-05-06 18:15:38.308 [main] [com.example.socketdemo.test.Java2PythonTest] [61] INFO  - 收到数据：[-1, 123456, "capture_image", 1, 0, 0, 0, 0, 0, 0]
2024-05-06 18:15:40.321 [main] [com.example.socketdemo.test.Java2PythonTest] [61] INFO  - 收到数据：[-1, 123456, "capture_image", 1, 0, 0, 0, 0, 0, 0]
2024-05-06 18:15:42.343 [main] [com.example.socketdemo.test.Java2PythonTest] [61] INFO  - 收到数据：[-1, 123456, "capture_image", 1, 0, 0, 0, 0, 0, 0]
2024-05-06 18:15:44.367 [main] [com.example.socketdemo.test.Java2PythonTest] [61] INFO  - 收到数据：[-1, 123456, "capture_image", 1, 0, 0, 0, 0, 0, 0]
2024-05-06 18:15:46.393 [main] [com.example.socketdemo.test.Java2PythonTest] [61] INFO  - 收到数据：[-1, 123456, "capture_image", 1, 0, 0, 0, 0, 0, 0]
2024-05-06 18:16:58.428 [main] [com.example.socketdemo.test.Java2PythonTest] [61] INFO  - 收到数据：[-1, 123456, "capture_image", 1, 0, 0, 0, 0, 0, 0]
2024-05-06 18:17:00.438 [main] [com.example.socketdemo.test.Java2PythonTest] [61] INFO  - 收到数据：[-1, 123456, "capture_image", 1, 0, 0, 0, 0, 0, 0]
2024-05-06 18:17:02.457 [main] [com.example.socketdemo.test.Java2PythonTest] [61] INFO  - 收到数据：[-1, 123456, "capture_image", 1, 0, 0, 0, 0, 0, 0]
2024-05-06 18:17:04.477 [main] [com.example.socketdemo.test.Java2PythonTest] [61] INFO  - 收到数据：[-1, 123456, "capture_image", 1, 0, 0, 0, 0, 0, 0]
2024-05-06 18:17:06.492 [main] [com.example.socketdemo.test.Java2PythonTest] [61] INFO  - 收到数据：[-1, 123456, "capture_image", 1, 0, 0, 0, 0, 0, 0]
2024-05-06 18:17:08.509 [main] [com.example.socketdemo.test.Java2PythonTest] [61] INFO  - 收到数据：[-1, 123456, "capture_image", 1, 0, 0, 0, 0, 0, 0]
2024-05-06 18:17:10.517 [main] [com.example.socketdemo.test.Java2PythonTest] [61] INFO  - 收到数据：[-1, 123456, "capture_image", 1, 0, 0, 0, 0, 0, 0]
2024-05-06 18:17:12.531 [main] [com.example.socketdemo.test.Java2PythonTest] [61] INFO  - 收到数据：[-1, 123456, "capture_image", 1, 0, 0, 0, 0, 0, 0]
2024-05-06 18:17:14.539 [main] [com.example.socketdemo.test.Java2PythonTest] [61] INFO  - 收到数据：[-1, 123456, "capture_image", 1, 0, 0, 0, 0, 0, 0]
2024-05-06 18:17:16.550 [main] [com.example.socketdemo.test.Java2PythonTest] [61] INFO  - 收到数据：[-1, 123456, "capture_image", 1, 0, 0, 0, 0, 0, 0]
2024-05-06 18:18:28.586 [main] [com.example.socketdemo.test.Java2PythonTest] [61] INFO  - 收到数据：[-1, 123456, "capture_image", 1, 0, 0, 0, 0, 0, 0]
2024-05-06 18:18:30.607 [main] [com.example.socketdemo.test.Java2PythonTest] [61] INFO  - 收到数据：[-1, 123456, "capture_image", 1, 0, 0, 0, 0, 0, 0]
2024-05-06 18:18:32.624 [main] [com.example.socketdemo.test.Java2PythonTest] [61] INFO  - 收到数据：[-1, 123456, "capture_image", 1, 0, 0, 0, 0, 0, 0]
2024-05-06 18:18:34.645 [main] [com.example.socketdemo.test.Java2PythonTest] [61] INFO  - 收到数据：[-1, 123456, "capture_image", 1, 0, 0, 0, 0, 0, 0]
2024-05-06 18:18:36.667 [main] [com.example.socketdemo.test.Java2PythonTest] [61] INFO  - 收到数据：[-1, 123456, "capture_image", 1, 0, 0, 0, 0, 0, 0]
2024-05-06 18:18:38.687 [main] [com.example.socketdemo.test.Java2PythonTest] [61] INFO  - 收到数据：[-1, 123456, "capture_image", 1, 0, 0, 0, 0, 0, 0]
